<?xml version="1.0" encoding="UTF-8"?>
<testsuite xmlns:xsi="http://www.w3.org/2001/XMLSchema-instance" xsi:noNamespaceSchemaLocation="https://maven.apache.org/surefire/maven-surefire-plugin/xsd/surefire-test-report-3.0.xsd" version="3.0" name="cicdtest.CicdTestApplicationTests" time="7.838" tests="1" errors="0" skipped="0" failures="0">
  <properties>
[...]
</properties>
  <testcase name="contextLoads" classname="cicdtest.CicdTestApplicationTests" time="2.459">
    <system-out><![CDATA[01:38:46.982 [main] INFO org.springframework.test.context.support.AnnotationConfigContextLoaderUtils -- Could not detect default configuration classes for test class [cicdtest.CicdTestApplicationTests]: CicdTestApplicationTests does not declare any static, non-private, non-final, nested classes annotated with @Configuration.
01:38:47.247 [main] INFO org.springframework.boot.test.context.SpringBootTestContextBootstrapper -- Found @SpringBootConfiguration cicdtest.CicdTestApplication for test class cicdtest.CicdTestApplicationTests

  .   ____          _            __ _ _
 /\\ / ___'_ __ _ _(_)_ __  __ _ \ \ \ \
( ( )\___ | '_ | '_| | '_ \/ _` | \ \ \ \
 \\/  ___)| |_)| | | | | || (_| |  ) ) ) )
  '  |____| .__|_| |_|_| |_\__, | / / / /
 =========|_|==============|___/=/_/_/_/
 :: Spring Boot ::                (v3.2.5)

2024-05-17T01:38:48.460+05:30  INFO 14452 --- [cicd-test] [           main] cicdtest.CicdTestApplicationTests        : Starting CicdTestApplicationTests using Java 17.0.10 with PID 14452 (started by pssta in C:\Users\pssta\Documents\workspace-spring-tool-suite-4-4.22.0.RELEASE\cicd-test)
2024-05-17T01:38:48.475+05:30  INFO 14452 --- [cicd-test] [           main] cicdtest.CicdTestApplicationTests        : No active profile set, falling back to 1 default profile: "default"
2024-05-17T01:38:51.930+05:30  INFO 14452 --- [cicd-test] [           main] cicdtest.CicdTestApplicationTests        : Started CicdTestApplicationTests in 4.166 seconds (process running for 6.965)
]]></system-out>
  </testcase>
</testsuite>